<?xml version="1.0" encoding="UTF-8"?>
<testsuite name="UserTest" tests="4" skipped="0" failures="0" errors="0" timestamp="2024-04-12T22:18:35" hostname="MSI" time="0.036">
  <properties/>
  <testcase name="РџСЂРѕРІРµСЂРєР° СЃРѕР·РґР°РЅРёСЏ РѕР±СЉРµРєС‚Р° СЃ РґРІСѓРјСЏ РїР°СЂР°РјРµС‚СЂР°РјРё" classname="UserTest" time="0.026"/>
  <testcase name="РџСЂРѕРІРµСЂРєР° СЃРѕР·РґР°РЅРёСЏ РѕР±СЉРµРєС‚Р° Р±РµР· РїР°СЂР°РјРµС‚СЂРѕРІ" classname="UserTest" time="0.001"/>
  <testcase name="РџСЂРѕРІРµСЂРєР° email" classname="UserTest" time="0.002"/>
  <testcase name="РџСЂРѕРІРµСЂРєР° Р»РѕРіРёРЅР°" classname="UserTest" time="0.002"/>
  <system-out><![CDATA[]]></system-out>
  <system-err><![CDATA[]]></system-err>
</testsuite>
